{"numFailedTestSuites":0,"numFailedTests":0,"numPassedTestSuites":2,"numPassedTests":125,"numPendingTestSuites":0,"numPendingTests":0,"numRuntimeErrorTestSuites":0,"numTodoTests":0,"numTotalTestSuites":2,"numTotalTests":125,"openHandles":[],"snapshot":{"added":0,"didUpdate":false,"failure":false,"filesAdded":0,"filesRemoved":0,"filesRemovedList":[],"filesUnmatched":0,"filesUpdated":0,"matched":0,"total":0,"unchecked":0,"uncheckedKeysByFile":[],"unmatched":0,"updated":0},"startTime":1781334904658,"success":true,"testResults":[{"assertionResults":[{"ancestorTitles":["Deployable Status Tests"],"duration":14,"failing":false,"failureDetails":[],"failureMessages":[],"fullName":"Deployable Status Tests should have a build script in package.json","invocations":1,"location":null,"numPassingAsserts":2,"retryReasons":[],"startAt":1781334911532,"status":"passed","title":"should have a build script in package.json"},{"ancestorTitles":["Deployable Status Tests"],"duration":2,"failing":false,"failureDetails":[],"failureMessages":[],"fullName":"Deployable Status Tests should have a dev script in package.json","invocations":1,"location":null,"numPassingAsserts":1,"retryReasons":[],"startAt":1781334911547,"status":"passed","title":"should have a dev script in package.json"},{"ancestorTitles":["Deployable Status Tests"],"duration":1,"failing":false,"failureDetails":[],"failureMessages":[],"fullName":"Deployable Status Tests should have a vite config file for deployment","invocations":1,"location":null,"numPassingAsserts":1,"retryReasons":[],"startAt":1781334911549,"status":"passed","title":"should have a vite config file for deployment"},{"ancestorTitles":["Deployable Status Tests"],"duration":2,"failing":false,"failureDetails":[],"failureMessages":[],"fullName":"Deployable Status Tests should have an index.html entry point","invocations":1,"location":null,"numPassingAsserts":1,"retryReasons":[],"startAt":1781334911550,"status":"passed","title":"should have an index.html entry point"}],"endTime":1781334911554,"message":"","name":"C:\\Users\\srira\\Documents\\progress-view\\tests\\unit\\Deploy.test.jsx","startTime":1781334908963,"status":"passed","summary":""},{"assertionResults":[{"ancestorTitles":["ProgressView Unique Tests (120+ Cases)","1. Login Screen Basic Elements"],"duration":144,"failing":false,"failureDetails":[],"failureMessages":[],"fullName":"ProgressView Unique Tests (120+ Cases) 1. Login Screen Basic Elements 1.1 Should render main application title","invocations":1,"location":null,"numPassingAsserts":1,"retryReasons":[],"startAt":1781334911788,"status":"passed","title":"1.1 Should render main application title"},{"ancestorTitles":["ProgressView Unique Tests (120+ Cases)","1. Login Screen Basic Elements"],"duration":18,"failing":false,"failureDetails":[],"failureMessages":[],"fullName":"ProgressView Unique Tests (120+ Cases) 1. Login Screen Basic Elements 1.2 Should render portal identification text","invocations":1,"location":null,"numPassingAsserts":1,"retryReasons":[],"startAt":1781334911933,"status":"passed","title":"1.2 Should render portal identification text"},{"ancestorTitles":["ProgressView Unique Tests (120+ Cases)","1. Login Screen Basic Elements"],"duration":24,"failing":false,"failureDetails":[],"failureMessages":[],"fullName":"ProgressView Unique Tests (120+ Cases) 1. Login Screen Basic Elements 1.3 Should render account sign-in prompt header","invocations":1,"location":null,"numPassingAsserts":1,"retryReasons":[],"startAt":1781334911951,"status":"passed","title":"1.3 Should render account sign-in prompt header"},{"ancestorTitles":["ProgressView Unique Tests (120+ Cases)","1. Login Screen Basic Elements"],"duration":14,"failing":false,"failureDetails":[],"failureMessages":[],"fullName":"ProgressView Unique Tests (120+ Cases) 1. Login Screen Basic Elements 1.4 Should render email address input label","invocations":1,"location":null,"numPassingAsserts":1,"retryReasons":[],"startAt":1781334911976,"status":"passed","title":"1.4 Should render email address input label"},{"ancestorTitles":["ProgressView Unique Tests (120+ Cases)","1. Login Screen Basic Elements"],"duration":16,"failing":false,"failureDetails":[],"failureMessages":[],"fullName":"ProgressView Unique Tests (120+ Cases) 1. Login Screen Basic Elements 1.5 Should render correct email input placeholder text","invocations":1,"location":null,"numPassingAsserts":1,"retryReasons":[],"startAt":1781334911990,"status":"passed","title":"1.5 Should render correct email input placeholder text"},{"ancestorTitles":["ProgressView Unique Tests (120+ Cases)","1. Login Screen Basic Elements"],"duration":11,"failing":false,"failureDetails":[],"failureMessages":[],"fullName":"ProgressView Unique Tests (120+ Cases) 1. Login Screen Basic Elements 1.6 Should render password input label text field","invocations":1,"location":null,"numPassingAsserts":1,"retryReasons":[],"startAt":1781334912007,"status":"passed","title":"1.6 Should render password input label text field"},{"ancestorTitles":["ProgressView Unique Tests (120+ Cases)","1. Login Screen Basic Elements"],"duration":11,"failing":false,"failureDetails":[],"failureMessages":[],"fullName":"ProgressView Unique Tests (120+ Cases) 1. Login Screen Basic Elements 1.7 Should render correct password input placeholder text representation","invocations":1,"location":null,"numPassingAsserts":1,"retryReasons":[],"startAt":1781334912019,"status":"passed","title":"1.7 Should render correct password input placeholder text representation"},{"ancestorTitles":["ProgressView Unique Tests (120+ Cases)","1. Login Screen Basic Elements"],"duration":17,"failing":false,"failureDetails":[],"failureMessages":[],"fullName":"ProgressView Unique Tests (120+ Cases) 1. Login Screen Basic Elements 1.8 Should render remember me text selection checkbox label","invocations":1,"location":null,"numPassingAsserts":1,"retryReasons":[],"startAt":1781334912030,"status":"passed","title":"1.8 Should render remember me text selection checkbox label"},{"ancestorTitles":["ProgressView Unique Tests (120+ Cases)","1. Login Screen Basic Elements"],"duration":14,"failing":false,"failureDetails":[],"failureMessages":[],"fullName":"ProgressView Unique Tests (120+ Cases) 1. Login Screen Basic Elements 1.9 Should render forgot password clickable link element","invocations":1,"location":null,"numPassingAsserts":1,"retryReasons":[],"startAt":1781334912047,"status":"passed","title":"1.9 Should render forgot password clickable link element"},{"ancestorTitles":["ProgressView Unique Tests (120+ Cases)","1. Login Screen Basic Elements"],"duration":86,"failing":false,"failureDetails":[],"failureMessages":[],"fullName":"ProgressView Unique Tests (120+ Cases) 1. Login Screen Basic Elements 1.10 Should render submit sign in button","invocations":1,"location":null,"numPassingAsserts":1,"retryReasons":[],"startAt":1781334912061,"status":"passed","title":"1.10 Should render submit sign in button"},{"ancestorTitles":["ProgressView Unique Tests (120+ Cases)","1. Login Screen Basic Elements"],"duration":11,"failing":false,"failureDetails":[],"failureMessages":[],"fullName":"ProgressView Unique Tests (120+ Cases) 1. Login Screen Basic Elements 1.11 Should render support help footer guidance text","invocations":1,"location":null,"numPassingAsserts":1,"retryReasons":[],"startAt":1781334912147,"status":"passed","title":"1.11 Should render support help footer guidance text"},{"ancestorTitles":["ProgressView Unique Tests (120+ Cases)","1. Login Screen Basic Elements"],"duration":11,"failing":false,"failureDetails":[],"failureMessages":[],"fullName":"ProgressView Unique Tests (120+ Cases) 1. Login Screen Basic Elements 1.12 Should render copyright declaration string","invocations":1,"location":null,"numPassingAsserts":1,"retryReasons":[],"startAt":1781334912158,"status":"passed","title":"1.12 Should render copyright declaration string"},{"ancestorTitles":["ProgressView Unique Tests (120+ Cases)","1. Login Screen Basic Elements"],"duration":14,"failing":false,"failureDetails":[],"failureMessages":[],"fullName":"ProgressView Unique Tests (120+ Cases) 1. Login Screen Basic Elements 1.13 Should render password field as type password by default","invocations":1,"location":null,"numPassingAsserts":1,"retryReasons":[],"startAt":1781334912169,"status":"passed","title":"1.13 Should render password field as type password by default"},{"ancestorTitles":["ProgressView Unique Tests (120+ Cases)","1. Login Screen Basic Elements"],"duration":30,"failing":false,"failureDetails":[],"failureMessages":[],"fullName":"ProgressView Unique Tests (120+ Cases) 1. Login Screen Basic Elements 1.14 Should switch password element type to text when toggle button is clicked","invocations":1,"location":null,"numPassingAsserts":1,"retryReasons":[],"startAt":1781334912184,"status":"passed","title":"1.14 Should switch password element type to text when toggle button is clicked"},{"ancestorTitles":["ProgressView Unique Tests (120+ Cases)","1. Login Screen Basic Elements"],"duration":20,"failing":false,"failureDetails":[],"failureMessages":[],"fullName":"ProgressView Unique Tests (120+ Cases) 1. Login Screen Basic Elements 1.15 Should revert password element to hidden format when toggle clicked again","invocations":1,"location":null,"numPassingAsserts":1,"retryReasons":[],"startAt":1781334912215,"status":"passed","title":"1.15 Should revert password element to hidden format when toggle clicked again"},{"ancestorTitles":["ProgressView Unique Tests (120+ Cases)","2. Login Screen Logic & Interactions"],"duration":17,"failing":false,"failureDetails":[],"failureMessages":[],"fullName":"ProgressView Unique Tests (120+ Cases) 2. Login Screen Logic & Interactions 2.1 Should accept standard valid email string","invocations":1,"location":null,"numPassingAsserts":1,"retryReasons":[],"startAt":1781334912235,"status":"passed","title":"2.1 Should accept standard valid email string"},{"ancestorTitles":["ProgressView Unique Tests (120+ Cases)","2. Login Screen Logic & Interactions"],"duration":16,"failing":false,"failureDetails":[],"failureMessages":[],"fullName":"ProgressView Unique Tests (120+ Cases) 2. Login Screen Logic & Interactions 2.2 Should accept second alternative valid format input","invocations":1,"location":null,"numPassingAsserts":1,"retryReasons":[],"startAt":1781334912253,"status":"passed","title":"2.2 Should accept second alternative valid format input"},{"ancestorTitles":["ProgressView Unique Tests (120+ Cases)","2. Login Screen Logic & Interactions"],"duration":14,"failing":false,"failureDetails":[],"failureMessages":[],"fullName":"ProgressView Unique Tests (120+ Cases) 2. Login Screen Logic & Interactions 2.3 Should accept single test instance of invalid email structure","invocations":1,"location":null,"numPassingAsserts":1,"retryReasons":[],"startAt":1781334912270,"status":"passed","title":"2.3 Should accept single test instance of invalid email structure"},{"ancestorTitles":["ProgressView Unique Tests (120+ Cases)","2. Login Screen Logic & Interactions"],"duration":19,"failing":false,"failureDetails":[],"failureMessages":[],"fullName":"ProgressView Unique Tests (120+ Cases) 2. Login Screen Logic & Interactions 2.4 Should accept single test instance of short password characters","invocations":1,"location":null,"numPassingAsserts":1,"retryReasons":[],"startAt":1781334912284,"status":"passed","title":"2.4 Should accept single test instance of short password characters"},{"ancestorTitles":["ProgressView Unique Tests (120+ Cases)","2. Login Screen Logic & Interactions"],"duration":40,"failing":false,"failureDetails":[],"failureMessages":[],"fullName":"ProgressView Unique Tests (120+ Cases) 2. Login Screen Logic & Interactions 2.5 Should show credentials validation error message when submit is clicked with empty inputs","invocations":1,"location":null,"numPassingAsserts":1,"retryReasons":[],"startAt":1781334912303,"status":"passed","title":"2.5 Should show credentials validation error message when submit is clicked with empty inputs"},{"ancestorTitles":["ProgressView Unique Tests (120+ Cases)","2. Login Screen Logic & Interactions"],"duration":76,"failing":false,"failureDetails":[],"failureMessages":[],"fullName":"ProgressView Unique Tests (120+ Cases) 2. Login Screen Logic & Interactions 2.6 Should show appropriate error message when backend connection encounters rejection","invocations":1,"location":null,"numPassingAsserts":1,"retryReasons":[],"startAt":1781334912343,"status":"passed","title":"2.6 Should show appropriate error message when backend connection encounters rejection"},{"ancestorTitles":["ProgressView Unique Tests (120+ Cases)","2. Login Screen Logic & Interactions"],"duration":50,"failing":false,"failureDetails":[],"failureMessages":[],"fullName":"ProgressView Unique Tests (120+ Cases) 2. Login Screen Logic & Interactions 2.7 Should show message when credentials do not match backend database records","invocations":1,"location":null,"numPassingAsserts":1,"retryReasons":[],"startAt":1781334912420,"status":"passed","title":"2.7 Should show message when credentials do not match backend database records"},{"ancestorTitles":["ProgressView Unique Tests (120+ Cases)","2. Login Screen Logic & Interactions"],"duration":228,"failing":false,"failureDetails":[],"failureMessages":[],"fullName":"ProgressView Unique Tests (120+ Cases) 2. Login Screen Logic & Interactions 2.8 Should trigger browser window alert on login verification success","invocations":1,"location":null,"numPassingAsserts":2,"retryReasons":[],"startAt":1781334912470,"status":"passed","title":"2.8 Should trigger browser window alert on login verification success"},{"ancestorTitles":["ProgressView Unique Tests (120+ Cases)","2. Login Screen Logic & Interactions"],"duration":1,"failing":false,"failureDetails":[],"failureMessages":[],"fullName":"ProgressView Unique Tests (120+ Cases) 2. Login Screen Logic & Interactions 2.9 Should cache user credentials/details name locally on successful authentication","invocations":1,"location":null,"numPassingAsserts":1,"retryReasons":[],"startAt":1781334912699,"status":"passed","title":"2.9 Should cache user credentials/details name locally on successful authentication"},{"ancestorTitles":["ProgressView Unique Tests (120+ Cases)","2. Login Screen Logic & Interactions"],"duration":1,"failing":false,"failureDetails":[],"failureMessages":[],"fullName":"ProgressView Unique Tests (120+ Cases) 2. Login Screen Logic & Interactions 2.10 Should cache user role details level locally on successful authentication","invocations":1,"location":null,"numPassingAsserts":1,"retryReasons":[],"startAt":1781334912700,"status":"passed","title":"2.10 Should cache user role details level locally on successful authentication"},{"ancestorTitles":["ProgressView Unique Tests (120+ Cases)","3. Dashboard Screen Details"],"duration":98,"failing":false,"failureDetails":[],"failureMessages":[],"fullName":"ProgressView Unique Tests (120+ Cases) 3. Dashboard Screen Details 3.1 Should display good morning user text greeting","invocations":1,"location":null,"numPassingAsserts":2,"retryReasons":[],"startAt":1781334912703,"status":"passed","title":"3.1 Should display good morning user text greeting"},{"ancestorTitles":["ProgressView Unique Tests (120+ Cases)","3. Dashboard Screen Details"],"duration":101,"failing":false,"failureDetails":[],"failureMessages":[],"fullName":"ProgressView Unique Tests (120+ Cases) 3. Dashboard Screen Details 3.2 Should display welcome username text greeting","invocations":1,"location":null,"numPassingAsserts":2,"retryReasons":[],"startAt":1781334912801,"status":"passed","title":"3.2 Should display welcome username text greeting"},{"ancestorTitles":["ProgressView Unique Tests (120+ Cases)","3. Dashboard Screen Details"],"duration":83,"failing":false,"failureDetails":[],"failureMessages":[],"fullName":"ProgressView Unique Tests (120+ Cases) 3. Dashboard Screen Details 3.3 Should render attendance metric value stat box","invocations":1,"location":null,"numPassingAsserts":2,"retryReasons":[],"startAt":1781334912902,"status":"passed","title":"3.3 Should render attendance metric value stat box"},{"ancestorTitles":["ProgressView Unique Tests (120+ Cases)","3. Dashboard Screen Details"],"duration":91,"failing":false,"failureDetails":[],"failureMessages":[],"fullName":"ProgressView Unique Tests (120+ Cases) 3. Dashboard Screen Details 3.4 Should render latest test marks stat representation","invocations":1,"location":null,"numPassingAsserts":2,"retryReasons":[],"startAt":1781334912985,"status":"passed","title":"3.4 Should render latest test marks stat representation"},{"ancestorTitles":["ProgressView Unique Tests (120+ Cases)","3. Dashboard Screen Details"],"duration":78,"failing":false,"failureDetails":[],"failureMessages":[],"fullName":"ProgressView Unique Tests (120+ Cases) 3. Dashboard Screen Details 3.5 Should render average performance stat card metric value","invocations":1,"location":null,"numPassingAsserts":2,"retryReasons":[],"startAt":1781334913076,"status":"passed","title":"3.5 Should render average performance stat card metric value"},{"ancestorTitles":["ProgressView Unique Tests (120+ Cases)","3. Dashboard Screen Details"],"duration":94,"failing":false,"failureDetails":[],"failureMessages":[],"fullName":"ProgressView Unique Tests (120+ Cases) 3. Dashboard Screen Details 3.6 Should render pending tasks count stat box indicator","invocations":1,"location":null,"numPassingAsserts":2,"retryReasons":[],"startAt":1781334913155,"status":"passed","title":"3.6 Should render pending tasks count stat box indicator"},{"ancestorTitles":["ProgressView Unique Tests (120+ Cases)","3. Dashboard Screen Details"],"duration":100,"failing":false,"failureDetails":[],"failureMessages":[],"fullName":"ProgressView Unique Tests (120+ Cases) 3. Dashboard Screen Details 3.7 Should render announcements notifications count widget indicator","invocations":1,"location":null,"numPassingAsserts":2,"retryReasons":[],"startAt":1781334913249,"status":"passed","title":"3.7 Should render announcements notifications count widget indicator"},{"ancestorTitles":["ProgressView Unique Tests (120+ Cases)","3. Dashboard Screen Details"],"duration":89,"failing":false,"failureDetails":[],"failureMessages":[],"fullName":"ProgressView Unique Tests (120+ Cases) 3. Dashboard Screen Details 3.8 Should render performance line chart container element tag","invocations":1,"location":null,"numPassingAsserts":2,"retryReasons":[],"startAt":1781334913350,"status":"passed","title":"3.8 Should render performance line chart container element tag"},{"ancestorTitles":["ProgressView Unique Tests (120+ Cases)","3. Dashboard Screen Details"],"duration":78,"failing":false,"failureDetails":[],"failureMessages":[],"fullName":"ProgressView Unique Tests (120+ Cases) 3. Dashboard Screen Details 3.9 Should render attendance breakdown pie chart element tag","invocations":1,"location":null,"numPassingAsserts":2,"retryReasons":[],"startAt":1781334913440,"status":"passed","title":"3.9 Should render attendance breakdown pie chart element tag"},{"ancestorTitles":["ProgressView Unique Tests (120+ Cases)","3. Dashboard Screen Details"],"duration":80,"failing":false,"failureDetails":[],"failureMessages":[],"fullName":"ProgressView Unique Tests (120+ Cases) 3. Dashboard Screen Details 3.10 Should display recent activity log section header","invocations":1,"location":null,"numPassingAsserts":2,"retryReasons":[],"startAt":1781334913519,"status":"passed","title":"3.10 Should display recent activity log section header"},{"ancestorTitles":["ProgressView Unique Tests (120+ Cases)","4. Student Profile Tab"],"duration":148,"failing":false,"failureDetails":[],"failureMessages":[],"fullName":"ProgressView Unique Tests (120+ Cases) 4. Student Profile Tab 4.1 Should load the student profile layout header","invocations":1,"location":null,"numPassingAsserts":3,"retryReasons":[],"startAt":1781334913599,"status":"passed","title":"4.1 Should load the student profile layout header"},{"ancestorTitles":["ProgressView Unique Tests (120+ Cases)","4. Student Profile Tab"],"duration":135,"failing":false,"failureDetails":[],"failureMessages":[],"fullName":"ProgressView Unique Tests (120+ Cases) 4. Student Profile Tab 4.2 Should render student name retrieved from API mock database","invocations":1,"location":null,"numPassingAsserts":3,"retryReasons":[],"startAt":1781334913748,"status":"passed","title":"4.2 Should render student name retrieved from API mock database"},{"ancestorTitles":["ProgressView Unique Tests (120+ Cases)","4. Student Profile Tab"],"duration":134,"failing":false,"failureDetails":[],"failureMessages":[],"fullName":"ProgressView Unique Tests (120+ Cases) 4. Student Profile Tab 4.3 Should render roll number retrieved from mock request details","invocations":1,"location":null,"numPassingAsserts":3,"retryReasons":[],"startAt":1781334913883,"status":"passed","title":"4.3 Should render roll number retrieved from mock request details"},{"ancestorTitles":["ProgressView Unique Tests (120+ Cases)","4. Student Profile Tab"],"duration":124,"failing":false,"failureDetails":[],"failureMessages":[],"fullName":"ProgressView Unique Tests (120+ Cases) 4. Student Profile Tab 4.4 Should render class and section details badge text representation","invocations":1,"location":null,"numPassingAsserts":3,"retryReasons":[],"startAt":1781334914018,"status":"passed","title":"4.4 Should render class and section details badge text representation"},{"ancestorTitles":["ProgressView Unique Tests (120+ Cases)","4. Student Profile Tab"],"duration":131,"failing":false,"failureDetails":[],"failureMessages":[],"fullName":"ProgressView Unique Tests (120+ Cases) 4. Student Profile Tab 4.5 Should display correct academic year profile item","invocations":1,"location":null,"numPassingAsserts":3,"retryReasons":[],"startAt":1781334914142,"status":"passed","title":"4.5 Should display correct academic year profile item"},{"ancestorTitles":["ProgressView Unique Tests (120+ Cases)","4. Student Profile Tab"],"duration":146,"failing":false,"failureDetails":[],"failureMessages":[],"fullName":"ProgressView Unique Tests (120+ Cases) 4. Student Profile Tab 4.6 Should display formatted date of birth info item","invocations":1,"location":null,"numPassingAsserts":3,"retryReasons":[],"startAt":1781334914273,"status":"passed","title":"4.6 Should display formatted date of birth info item"},{"ancestorTitles":["ProgressView Unique Tests (120+ Cases)","4. Student Profile Tab"],"duration":138,"failing":false,"failureDetails":[],"failureMessages":[],"fullName":"ProgressView Unique Tests (120+ Cases) 4. Student Profile Tab 4.7 Should display parent name info item details","invocations":1,"location":null,"numPassingAsserts":3,"retryReasons":[],"startAt":1781334914419,"status":"passed","title":"4.7 Should display parent name info item details"},{"ancestorTitles":["ProgressView Unique Tests (120+ Cases)","4. Student Profile Tab"],"duration":98,"failing":false,"failureDetails":[],"failureMessages":[],"fullName":"ProgressView Unique Tests (120+ Cases) 4. Student Profile Tab 4.8 Should display parent email address details","invocations":1,"location":null,"numPassingAsserts":3,"retryReasons":[],"startAt":1781334914557,"status":"passed","title":"4.8 Should display parent email address details"},{"ancestorTitles":["ProgressView Unique Tests (120+ Cases)","4. Student Profile Tab"],"duration":110,"failing":false,"failureDetails":[],"failureMessages":[],"fullName":"ProgressView Unique Tests (120+ Cases) 4. Student Profile Tab 4.9 Should render overview details card header","invocations":1,"location":null,"numPassingAsserts":3,"retryReasons":[],"startAt":1781334914655,"status":"passed","title":"4.9 Should render overview details card header"},{"ancestorTitles":["ProgressView Unique Tests (120+ Cases)","4. Student Profile Tab"],"duration":124,"failing":false,"failureDetails":[],"failureMessages":[],"fullName":"ProgressView Unique Tests (120+ Cases) 4. Student Profile Tab 4.10 Should list achievements check item listings","invocations":1,"location":null,"numPassingAsserts":3,"retryReasons":[],"startAt":1781334914766,"status":"passed","title":"4.10 Should list achievements check item listings"},{"ancestorTitles":["ProgressView Unique Tests (120+ Cases)","5. Attendance Tab"],"duration":109,"failing":false,"failureDetails":[],"failureMessages":[],"fullName":"ProgressView Unique Tests (120+ Cases) 5. Attendance Tab 5.1 Should render page title header element","invocations":1,"location":null,"numPassingAsserts":2,"retryReasons":[],"startAt":1781334914891,"status":"passed","title":"5.1 Should render page title header element"},{"ancestorTitles":["ProgressView Unique Tests (120+ Cases)","5. Attendance Tab"],"duration":109,"failing":false,"failureDetails":[],"failureMessages":[],"fullName":"ProgressView Unique Tests (120+ Cases) 5. Attendance Tab 5.2 Should render total academic school days stat value label","invocations":1,"location":null,"numPassingAsserts":2,"retryReasons":[],"startAt":1781334915000,"status":"passed","title":"5.2 Should render total academic school days stat value label"},{"ancestorTitles":["ProgressView Unique Tests (120+ Cases)","5. Attendance Tab"],"duration":93,"failing":false,"failureDetails":[],"failureMessages":[],"fullName":"ProgressView Unique Tests (120+ Cases) 5. Attendance Tab 5.3 Should render count of days present stat label","invocations":1,"location":null,"numPassingAsserts":2,"retryReasons":[],"startAt":1781334915109,"status":"passed","title":"5.3 Should render count of days present stat label"},{"ancestorTitles":["ProgressView Unique Tests (120+ Cases)","5. Attendance Tab"],"duration":93,"failing":false,"failureDetails":[],"failureMessages":[],"fullName":"ProgressView Unique Tests (120+ Cases) 5. Attendance Tab 5.4 Should render count of days absent stat label","invocations":1,"location":null,"numPassingAsserts":2,"retryReasons":[],"startAt":1781334915202,"status":"passed","title":"5.4 Should render count of days absent stat label"},{"ancestorTitles":["ProgressView Unique Tests (120+ Cases)","5. Attendance Tab"],"duration":88,"failing":false,"failureDetails":[],"failureMessages":[],"fullName":"ProgressView Unique Tests (120+ Cases) 5. Attendance Tab 5.5 Should render count of days marked late stat label","invocations":1,"location":null,"numPassingAsserts":2,"retryReasons":[],"startAt":1781334915295,"status":"passed","title":"5.5 Should render count of days marked late stat label"},{"ancestorTitles":["ProgressView Unique Tests (120+ Cases)","5. Attendance Tab"],"duration":100,"failing":false,"failureDetails":[],"failureMessages":[],"fullName":"ProgressView Unique Tests (120+ Cases) 5. Attendance Tab 5.6 Should render monthly breakdown bar chart wrapper element","invocations":1,"location":null,"numPassingAsserts":2,"retryReasons":[],"startAt":1781334915384,"status":"passed","title":"5.6 Should render monthly breakdown bar chart wrapper element"},{"ancestorTitles":["ProgressView Unique Tests (120+ Cases)","5. Attendance Tab"],"duration":82,"failing":false,"failureDetails":[],"failureMessages":[],"fullName":"ProgressView Unique Tests (120+ Cases) 5. Attendance Tab 5.7 Should render monthly breakdown chart container reference key","invocations":1,"location":null,"numPassingAsserts":2,"retryReasons":[],"startAt":1781334915484,"status":"passed","title":"5.7 Should render monthly breakdown chart container reference key"},{"ancestorTitles":["ProgressView Unique Tests (120+ Cases)","5. Attendance Tab"],"duration":85,"failing":false,"failureDetails":[],"failureMessages":[],"fullName":"ProgressView Unique Tests (120+ Cases) 5. Attendance Tab 5.8 Should render daily logs dashboard header card info","invocations":1,"location":null,"numPassingAsserts":2,"retryReasons":[],"startAt":1781334915567,"status":"passed","title":"5.8 Should render daily logs dashboard header card info"},{"ancestorTitles":["ProgressView Unique Tests (120+ Cases)","5. Attendance Tab"],"duration":85,"failing":false,"failureDetails":[],"failureMessages":[],"fullName":"ProgressView Unique Tests (120+ Cases) 5. Attendance Tab 5.9 Should render first daily log attendance card item date representation","invocations":1,"location":null,"numPassingAsserts":2,"retryReasons":[],"startAt":1781334915652,"status":"passed","title":"5.9 Should render first daily log attendance card item date representation"},{"ancestorTitles":["ProgressView Unique Tests (120+ Cases)","5. Attendance Tab"],"duration":96,"failing":false,"failureDetails":[],"failureMessages":[],"fullName":"ProgressView Unique Tests (120+ Cases) 5. Attendance Tab 5.10 Should render second daily log attendance card item date representation","invocations":1,"location":null,"numPassingAsserts":2,"retryReasons":[],"startAt":1781334915737,"status":"passed","title":"5.10 Should render second daily log attendance card item date representation"},{"ancestorTitles":["ProgressView Unique Tests (120+ Cases)","6. Daily Tests Tab"],"duration":118,"failing":false,"failureDetails":[],"failureMessages":[],"fullName":"ProgressView Unique Tests (120+ Cases) 6. Daily Tests Tab 6.1 Should display daily tests main page header","invocations":1,"location":null,"numPassingAsserts":2,"retryReasons":[],"startAt":1781334915833,"status":"passed","title":"6.1 Should display daily tests main page header"},{"ancestorTitles":["ProgressView Unique Tests (120+ Cases)","6. Daily Tests Tab"],"duration":110,"failing":false,"failureDetails":[],"failureMessages":[],"fullName":"ProgressView Unique Tests (120+ Cases) 6. Daily Tests Tab 6.2 Should display subject selection filter button All","invocations":1,"location":null,"numPassingAsserts":2,"retryReasons":[],"startAt":1781334915951,"status":"passed","title":"6.2 Should display subject selection filter button All"},{"ancestorTitles":["ProgressView Unique Tests (120+ Cases)","6. Daily Tests Tab"],"duration":108,"failing":false,"failureDetails":[],"failureMessages":[],"fullName":"ProgressView Unique Tests (120+ Cases) 6. Daily Tests Tab 6.3 Should display subject selection filter button Mathematics","invocations":1,"location":null,"numPassingAsserts":2,"retryReasons":[],"startAt":1781334916061,"status":"passed","title":"6.3 Should display subject selection filter button Mathematics"},{"ancestorTitles":["ProgressView Unique Tests (120+ Cases)","6. Daily Tests Tab"],"duration":115,"failing":false,"failureDetails":[],"failureMessages":[],"fullName":"ProgressView Unique Tests (120+ Cases) 6. Daily Tests Tab 6.4 Should display subject selection filter button Science","invocations":1,"location":null,"numPassingAsserts":2,"retryReasons":[],"startAt":1781334916169,"status":"passed","title":"6.4 Should display subject selection filter button Science"},{"ancestorTitles":["ProgressView Unique Tests (120+ Cases)","6. Daily Tests Tab"],"duration":132,"failing":false,"failureDetails":[],"failureMessages":[],"fullName":"ProgressView Unique Tests (120+ Cases) 6. Daily Tests Tab 6.5 Should display subject selection filter button English","invocations":1,"location":null,"numPassingAsserts":2,"retryReasons":[],"startAt":1781334916284,"status":"passed","title":"6.5 Should display subject selection filter button English"},{"ancestorTitles":["ProgressView Unique Tests (120+ Cases)","6. Daily Tests Tab"],"duration":109,"failing":false,"failureDetails":[],"failureMessages":[],"fullName":"ProgressView Unique Tests (120+ Cases) 6. Daily Tests Tab 6.6 Should display subject selection filter button Social Studies","invocations":1,"location":null,"numPassingAsserts":2,"retryReasons":[],"startAt":1781334916416,"status":"passed","title":"6.6 Should display subject selection filter button Social Studies"},{"ancestorTitles":["ProgressView Unique Tests (120+ Cases)","6. Daily Tests Tab"],"duration":109,"failing":false,"failureDetails":[],"failureMessages":[],"fullName":"ProgressView Unique Tests (120+ Cases) 6. Daily Tests Tab 6.7 Should display subject selection filter button Computer Science","invocations":1,"location":null,"numPassingAsserts":2,"retryReasons":[],"startAt":1781334916525,"status":"passed","title":"6.7 Should display subject selection filter button Computer Science"},{"ancestorTitles":["ProgressView Unique Tests (120+ Cases)","6. Daily Tests Tab"],"duration":119,"failing":false,"failureDetails":[],"failureMessages":[],"fullName":"ProgressView Unique Tests (120+ Cases) 6. Daily Tests Tab 6.8 Should display subject selection filter button Tamil","invocations":1,"location":null,"numPassingAsserts":2,"retryReasons":[],"startAt":1781334916635,"status":"passed","title":"6.8 Should display subject selection filter button Tamil"},{"ancestorTitles":["ProgressView Unique Tests (120+ Cases)","6. Daily Tests Tab"],"duration":101,"failing":false,"failureDetails":[],"failureMessages":[],"fullName":"ProgressView Unique Tests (120+ Cases) 6. Daily Tests Tab 6.9 Should display comparison analytics bar chart title wrapper","invocations":1,"location":null,"numPassingAsserts":2,"retryReasons":[],"startAt":1781334916755,"status":"passed","title":"6.9 Should display comparison analytics bar chart title wrapper"},{"ancestorTitles":["ProgressView Unique Tests (120+ Cases)","6. Daily Tests Tab"],"duration":95,"failing":false,"failureDetails":[],"failureMessages":[],"fullName":"ProgressView Unique Tests (120+ Cases) 6. Daily Tests Tab 6.10 Should display correct details for a selected mathematics test entry key","invocations":1,"location":null,"numPassingAsserts":2,"retryReasons":[],"startAt":1781334916857,"status":"passed","title":"6.10 Should display correct details for a selected mathematics test entry key"},{"ancestorTitles":["ProgressView Unique Tests (120+ Cases)","7. Assignments Tab"],"duration":120,"failing":false,"failureDetails":[],"failureMessages":[],"fullName":"ProgressView Unique Tests (120+ Cases) 7. Assignments Tab 7.1 Should display assignments page header","invocations":1,"location":null,"numPassingAsserts":2,"retryReasons":[],"startAt":1781334916953,"status":"passed","title":"7.1 Should display assignments page header"},{"ancestorTitles":["ProgressView Unique Tests (120+ Cases)","7. Assignments Tab"],"duration":96,"failing":false,"failureDetails":[],"failureMessages":[],"fullName":"ProgressView Unique Tests (120+ Cases) 7. Assignments Tab 7.2 Should display all assignments filter tab option text","invocations":1,"location":null,"numPassingAsserts":2,"retryReasons":[],"startAt":1781334917073,"status":"passed","title":"7.2 Should display all assignments filter tab option text"},{"ancestorTitles":["ProgressView Unique Tests (120+ Cases)","7. Assignments Tab"],"duration":94,"failing":false,"failureDetails":[],"failureMessages":[],"fullName":"ProgressView Unique Tests (120+ Cases) 7. Assignments Tab 7.3 Should display pending assignments filter button with count info label","invocations":1,"location":null,"numPassingAsserts":2,"retryReasons":[],"startAt":1781334917169,"status":"passed","title":"7.3 Should display pending assignments filter button with count info label"},{"ancestorTitles":["ProgressView Unique Tests (120+ Cases)","7. Assignments Tab"],"duration":96,"failing":false,"failureDetails":[],"failureMessages":[],"fullName":"ProgressView Unique Tests (120+ Cases) 7. Assignments Tab 7.4 Should display submitted assignments filter tab with count info tag","invocations":1,"location":null,"numPassingAsserts":2,"retryReasons":[],"startAt":1781334917263,"status":"passed","title":"7.4 Should display submitted assignments filter tab with count info tag"},{"ancestorTitles":["ProgressView Unique Tests (120+ Cases)","7. Assignments Tab"],"duration":94,"failing":false,"failureDetails":[],"failureMessages":[],"fullName":"ProgressView Unique Tests (120+ Cases) 7. Assignments Tab 7.5 Should display overdue assignments filter tab options label","invocations":1,"location":null,"numPassingAsserts":2,"retryReasons":[],"startAt":1781334917359,"status":"passed","title":"7.5 Should display overdue assignments filter tab options label"},{"ancestorTitles":["ProgressView Unique Tests (120+ Cases)","7. Assignments Tab"],"duration":82,"failing":false,"failureDetails":[],"failureMessages":[],"fullName":"ProgressView Unique Tests (120+ Cases) 7. Assignments Tab 7.6 Should display assignment name details on list item card","invocations":1,"location":null,"numPassingAsserts":2,"retryReasons":[],"startAt":1781334917454,"status":"passed","title":"7.6 Should display assignment name details on list item card"},{"ancestorTitles":["ProgressView Unique Tests (120+ Cases)","7. Assignments Tab"],"duration":82,"failing":false,"failureDetails":[],"failureMessages":[],"fullName":"ProgressView Unique Tests (120+ Cases) 7. Assignments Tab 7.7 Should display assignment subject badge text on list item card","invocations":1,"location":null,"numPassingAsserts":2,"retryReasons":[],"startAt":1781334917536,"status":"passed","title":"7.7 Should display assignment subject badge text on list item card"},{"ancestorTitles":["ProgressView Unique Tests (120+ Cases)","7. Assignments Tab"],"duration":98,"failing":false,"failureDetails":[],"failureMessages":[],"fullName":"ProgressView Unique Tests (120+ Cases) 7. Assignments Tab 7.8 Should display due date text label details on card items list","invocations":1,"location":null,"numPassingAsserts":2,"retryReasons":[],"startAt":1781334917618,"status":"passed","title":"7.8 Should display due date text label details on card items list"},{"ancestorTitles":["ProgressView Unique Tests (120+ Cases)","7. Assignments Tab"],"duration":82,"failing":false,"failureDetails":[],"failureMessages":[],"fullName":"ProgressView Unique Tests (120+ Cases) 7. Assignments Tab 7.9 Should display short assignment task description on details card","invocations":1,"location":null,"numPassingAsserts":2,"retryReasons":[],"startAt":1781334917716,"status":"passed","title":"7.9 Should display short assignment task description on details card"},{"ancestorTitles":["ProgressView Unique Tests (120+ Cases)","7. Assignments Tab"],"duration":97,"failing":false,"failureDetails":[],"failureMessages":[],"fullName":"ProgressView Unique Tests (120+ Cases) 7. Assignments Tab 7.10 Should display assignment status indicator labels correctly on cards list","invocations":1,"location":null,"numPassingAsserts":2,"retryReasons":[],"startAt":1781334917798,"status":"passed","title":"7.10 Should display assignment status indicator labels correctly on cards list"},{"ancestorTitles":["ProgressView Unique Tests (120+ Cases)","8. Weekly Reports Tab"],"duration":92,"failing":false,"failureDetails":[],"failureMessages":[],"fullName":"ProgressView Unique Tests (120+ Cases) 8. Weekly Reports Tab 8.1 Should display weekly reports page header title","invocations":1,"location":null,"numPassingAsserts":2,"retryReasons":[],"startAt":1781334917895,"status":"passed","title":"8.1 Should display weekly reports page header title"},{"ancestorTitles":["ProgressView Unique Tests (120+ Cases)","8. Weekly Reports Tab"],"duration":85,"failing":false,"failureDetails":[],"failureMessages":[],"fullName":"ProgressView Unique Tests (120+ Cases) 8. Weekly Reports Tab 8.2 Should display button select indicator for Week 23","invocations":1,"location":null,"numPassingAsserts":2,"retryReasons":[],"startAt":1781334917988,"status":"passed","title":"8.2 Should display button select indicator for Week 23"},{"ancestorTitles":["ProgressView Unique Tests (120+ Cases)","8. Weekly Reports Tab"],"duration":77,"failing":false,"failureDetails":[],"failureMessages":[],"fullName":"ProgressView Unique Tests (120+ Cases) 8. Weekly Reports Tab 8.3 Should display button select options label for Week 22","invocations":1,"location":null,"numPassingAsserts":2,"retryReasons":[],"startAt":1781334918073,"status":"passed","title":"8.3 Should display button select options label for Week 22"},{"ancestorTitles":["ProgressView Unique Tests (120+ Cases)","8. Weekly Reports Tab"],"duration":81,"failing":false,"failureDetails":[],"failureMessages":[],"fullName":"ProgressView Unique Tests (120+ Cases) 8. Weekly Reports Tab 8.4 Should render selected week highlights main card title","invocations":1,"location":null,"numPassingAsserts":2,"retryReasons":[],"startAt":1781334918150,"status":"passed","title":"8.4 Should render selected week highlights main card title"},{"ancestorTitles":["ProgressView Unique Tests (120+ Cases)","8. Weekly Reports Tab"],"duration":94,"failing":false,"failureDetails":[],"failureMessages":[],"fullName":"ProgressView Unique Tests (120+ Cases) 8. Weekly Reports Tab 8.5 Should render card details of reporting teacher Ms. Priya Rajan","invocations":1,"location":null,"numPassingAsserts":2,"retryReasons":[],"startAt":1781334918231,"status":"passed","title":"8.5 Should render card details of reporting teacher Ms. Priya Rajan"},{"ancestorTitles":["ProgressView Unique Tests (120+ Cases)","8. Weekly Reports Tab"],"duration":74,"failing":false,"failureDetails":[],"failureMessages":[],"fullName":"ProgressView Unique Tests (120+ Cases) 8. Weekly Reports Tab 8.6 Should display attendance performance highlights for selected week","invocations":1,"location":null,"numPassingAsserts":2,"retryReasons":[],"startAt":1781334918326,"status":"passed","title":"8.6 Should display attendance performance highlights for selected week"},{"ancestorTitles":["ProgressView Unique Tests (120+ Cases)","8. Weekly Reports Tab"],"duration":84,"failing":false,"failureDetails":[],"failureMessages":[],"fullName":"ProgressView Unique Tests (120+ Cases) 8. Weekly Reports Tab 8.7 Should display assignments completion ratio highlight details","invocations":1,"location":null,"numPassingAsserts":2,"retryReasons":[],"startAt":1781334918400,"status":"passed","title":"8.7 Should display assignments completion ratio highlight details"},{"ancestorTitles":["ProgressView Unique Tests (120+ Cases)","8. Weekly Reports Tab"],"duration":79,"failing":false,"failureDetails":[],"failureMessages":[],"fullName":"ProgressView Unique Tests (120+ Cases) 8. Weekly Reports Tab 8.8 Should display subject count highlight value for reporting period","invocations":1,"location":null,"numPassingAsserts":2,"retryReasons":[],"startAt":1781334918484,"status":"passed","title":"8.8 Should display subject count highlight value for reporting period"},{"ancestorTitles":["ProgressView Unique Tests (120+ Cases)","8. Weekly Reports Tab"],"duration":81,"failing":false,"failureDetails":[],"failureMessages":[],"fullName":"ProgressView Unique Tests (120+ Cases) 8. Weekly Reports Tab 8.9 Should display feedback teacher remarks section details text","invocations":1,"location":null,"numPassingAsserts":2,"retryReasons":[],"startAt":1781334918563,"status":"passed","title":"8.9 Should display feedback teacher remarks section details text"},{"ancestorTitles":["ProgressView Unique Tests (120+ Cases)","8. Weekly Reports Tab"],"duration":97,"failing":false,"failureDetails":[],"failureMessages":[],"fullName":"ProgressView Unique Tests (120+ Cases) 8. Weekly Reports Tab 8.10 Should list items describing areas of improvement","invocations":1,"location":null,"numPassingAsserts":2,"retryReasons":[],"startAt":1781334918644,"status":"passed","title":"8.10 Should list items describing areas of improvement"},{"ancestorTitles":["ProgressView Unique Tests (120+ Cases)","9. Subject Performance Tab"],"duration":96,"failing":false,"failureDetails":[],"failureMessages":[],"fullName":"ProgressView Unique Tests (120+ Cases) 9. Subject Performance Tab 9.1 Should render subject performance screen header","invocations":1,"location":null,"numPassingAsserts":2,"retryReasons":[],"startAt":1781334918742,"status":"passed","title":"9.1 Should render subject performance screen header"},{"ancestorTitles":["ProgressView Unique Tests (120+ Cases)","9. Subject Performance Tab"],"duration":100,"failing":false,"failureDetails":[],"failureMessages":[],"fullName":"ProgressView Unique Tests (120+ Cases) 9. Subject Performance Tab 9.2 Should render subject tab selection tab Mathematics","invocations":1,"location":null,"numPassingAsserts":2,"retryReasons":[],"startAt":1781334918838,"status":"passed","title":"9.2 Should render subject tab selection tab Mathematics"},{"ancestorTitles":["ProgressView Unique Tests (120+ Cases)","9. Subject Performance Tab"],"duration":96,"failing":false,"failureDetails":[],"failureMessages":[],"fullName":"ProgressView Unique Tests (120+ Cases) 9. Subject Performance Tab 9.3 Should render subject tab selection tab Science","invocations":1,"location":null,"numPassingAsserts":2,"retryReasons":[],"startAt":1781334918938,"status":"passed","title":"9.3 Should render subject tab selection tab Science"},{"ancestorTitles":["ProgressView Unique Tests (120+ Cases)","9. Subject Performance Tab"],"duration":85,"failing":false,"failureDetails":[],"failureMessages":[],"fullName":"ProgressView Unique Tests (120+ Cases) 9. Subject Performance Tab 9.4 Should render metric score count of tests taken","invocations":1,"location":null,"numPassingAsserts":2,"retryReasons":[],"startAt":1781334919034,"status":"passed","title":"9.4 Should render metric score count of tests taken"},{"ancestorTitles":["ProgressView Unique Tests (120+ Cases)","9. Subject Performance Tab"],"duration":95,"failing":false,"failureDetails":[],"failureMessages":[],"fullName":"ProgressView Unique Tests (120+ Cases) 9. Subject Performance Tab 9.5 Should render average metric percentage score","invocations":1,"location":null,"numPassingAsserts":2,"retryReasons":[],"startAt":1781334919119,"status":"passed","title":"9.5 Should render average metric percentage score"},{"ancestorTitles":["ProgressView Unique Tests (120+ Cases)","9. Subject Performance Tab"],"duration":93,"failing":false,"failureDetails":[],"failureMessages":[],"fullName":"ProgressView Unique Tests (120+ Cases) 9. Subject Performance Tab 9.6 Should render highest score test details metric","invocations":1,"location":null,"numPassingAsserts":2,"retryReasons":[],"startAt":1781334919215,"status":"passed","title":"9.6 Should render highest score test details metric"},{"ancestorTitles":["ProgressView Unique Tests (120+ Cases)","9. Subject Performance Tab"],"duration":97,"failing":false,"failureDetails":[],"failureMessages":[],"fullName":"ProgressView Unique Tests (120+ Cases) 9. Subject Performance Tab 9.7 Should render lowest score test details metric","invocations":1,"location":null,"numPassingAsserts":2,"retryReasons":[],"startAt":1781334919308,"status":"passed","title":"9.7 Should render lowest score test details metric"},{"ancestorTitles":["ProgressView Unique Tests (120+ Cases)","9. Subject Performance Tab"],"duration":91,"failing":false,"failureDetails":[],"failureMessages":[],"fullName":"ProgressView Unique Tests (120+ Cases) 9. Subject Performance Tab 9.8 Should render score history trend AreaChart graph details","invocations":1,"location":null,"numPassingAsserts":2,"retryReasons":[],"startAt":1781334919406,"status":"passed","title":"9.8 Should render score history trend AreaChart graph details"},{"ancestorTitles":["ProgressView Unique Tests (120+ Cases)","9. Subject Performance Tab"],"duration":103,"failing":false,"failureDetails":[],"failureMessages":[],"fullName":"ProgressView Unique Tests (120+ Cases) 9. Subject Performance Tab 9.9 Should render test history details table wrapper header","invocations":1,"location":null,"numPassingAsserts":2,"retryReasons":[],"startAt":1781334919497,"status":"passed","title":"9.9 Should render test history details table wrapper header"},{"ancestorTitles":["ProgressView Unique Tests (120+ Cases)","9. Subject Performance Tab"],"duration":85,"failing":false,"failureDetails":[],"failureMessages":[],"fullName":"ProgressView Unique Tests (120+ Cases) 9. Subject Performance Tab 9.10 Should display exact marks value from tests lists inside the history table","invocations":1,"location":null,"numPassingAsserts":2,"retryReasons":[],"startAt":1781334919600,"status":"passed","title":"9.10 Should display exact marks value from tests lists inside the history table"},{"ancestorTitles":["ProgressView Unique Tests (120+ Cases)","10. Yearly Progress Tab"],"duration":98,"failing":false,"failureDetails":[],"failureMessages":[],"fullName":"ProgressView Unique Tests (120+ Cases) 10. Yearly Progress Tab 10.1 Should render yearly progress layout page title","invocations":1,"location":null,"numPassingAsserts":2,"retryReasons":[],"startAt":1781334919686,"status":"passed","title":"10.1 Should render yearly progress layout page title"},{"ancestorTitles":["ProgressView Unique Tests (120+ Cases)","10. Yearly Progress Tab"],"duration":91,"failing":false,"failureDetails":[],"failureMessages":[],"fullName":"ProgressView Unique Tests (120+ Cases) 10. Yearly Progress Tab 10.2 Should render year average grade representation indicator","invocations":1,"location":null,"numPassingAsserts":2,"retryReasons":[],"startAt":1781334919784,"status":"passed","title":"10.2 Should render year average grade representation indicator"},{"ancestorTitles":["ProgressView Unique Tests (120+ Cases)","10. Yearly Progress Tab"],"duration":83,"failing":false,"failureDetails":[],"failureMessages":[],"fullName":"ProgressView Unique Tests (120+ Cases) 10. Yearly Progress Tab 10.3 Should render best subject grade representation details","invocations":1,"location":null,"numPassingAsserts":2,"retryReasons":[],"startAt":1781334919876,"status":"passed","title":"10.3 Should render best subject grade representation details"},{"ancestorTitles":["ProgressView Unique Tests (120+ Cases)","10. Yearly Progress Tab"],"duration":89,"failing":false,"failureDetails":[],"failureMessages":[],"fullName":"ProgressView Unique Tests (120+ Cases) 10. Yearly Progress Tab 10.4 Should render annual attendance threshold validation indicator","invocations":1,"location":null,"numPassingAsserts":2,"retryReasons":[],"startAt":1781334919960,"status":"passed","title":"10.4 Should render annual attendance threshold validation indicator"},{"ancestorTitles":["ProgressView Unique Tests (120+ Cases)","10. Yearly Progress Tab"],"duration":79,"failing":false,"failureDetails":[],"failureMessages":[],"fullName":"ProgressView Unique Tests (120+ Cases) 10. Yearly Progress Tab 10.5 Should render trend line charts details over full year","invocations":1,"location":null,"numPassingAsserts":2,"retryReasons":[],"startAt":1781334920050,"status":"passed","title":"10.5 Should render trend line charts details over full year"},{"ancestorTitles":["ProgressView Unique Tests (120+ Cases)","10. Yearly Progress Tab"],"duration":111,"failing":false,"failureDetails":[],"failureMessages":[],"fullName":"ProgressView Unique Tests (120+ Cases) 10. Yearly Progress Tab 10.6 Should render strengths card information section details","invocations":1,"location":null,"numPassingAsserts":2,"retryReasons":[],"startAt":1781334920129,"status":"passed","title":"10.6 Should render strengths card information section details"},{"ancestorTitles":["ProgressView Unique Tests (120+ Cases)","10. Yearly Progress Tab"],"duration":107,"failing":false,"failureDetails":[],"failureMessages":[],"fullName":"ProgressView Unique Tests (120+ Cases) 10. Yearly Progress Tab 10.7 Should render improvement areas recommendation information card title","invocations":1,"location":null,"numPassingAsserts":2,"retryReasons":[],"startAt":1781334920241,"status":"passed","title":"10.7 Should render improvement areas recommendation information card title"},{"ancestorTitles":["ProgressView Unique Tests (120+ Cases)","10. Yearly Progress Tab"],"duration":110,"failing":false,"failureDetails":[],"failureMessages":[],"fullName":"ProgressView Unique Tests (120+ Cases) 10. Yearly Progress Tab 10.8 Should render predicted score header for upcoming exams","invocations":1,"location":null,"numPassingAsserts":2,"retryReasons":[],"startAt":1781334920348,"status":"passed","title":"10.8 Should render predicted score header for upcoming exams"},{"ancestorTitles":["ProgressView Unique Tests (120+ Cases)","10. Yearly Progress Tab"],"duration":94,"failing":false,"failureDetails":[],"failureMessages":[],"fullName":"ProgressView Unique Tests (120+ Cases) 10. Yearly Progress Tab 10.9 Should display predicted grade calculations for math","invocations":1,"location":null,"numPassingAsserts":2,"retryReasons":[],"startAt":1781334920458,"status":"passed","title":"10.9 Should display predicted grade calculations for math"},{"ancestorTitles":["ProgressView Unique Tests (120+ Cases)","10. Yearly Progress Tab"],"duration":97,"failing":false,"failureDetails":[],"failureMessages":[],"fullName":"ProgressView Unique Tests (120+ Cases) 10. Yearly Progress Tab 10.10 Should display predicted grade details for computer science","invocations":1,"location":null,"numPassingAsserts":2,"retryReasons":[],"startAt":1781334920552,"status":"passed","title":"10.10 Should display predicted grade details for computer science"},{"ancestorTitles":["ProgressView Unique Tests (120+ Cases)","11. Teacher Remarks Tab"],"duration":94,"failing":false,"failureDetails":[],"failureMessages":[],"fullName":"ProgressView Unique Tests (120+ Cases) 11. Teacher Remarks Tab 11.1 Should display teacher remarks layout screen header","invocations":1,"location":null,"numPassingAsserts":2,"retryReasons":[],"startAt":1781334920649,"status":"passed","title":"11.1 Should display teacher remarks layout screen header"},{"ancestorTitles":["ProgressView Unique Tests (120+ Cases)","11. Teacher Remarks Tab"],"duration":98,"failing":false,"failureDetails":[],"failureMessages":[],"fullName":"ProgressView Unique Tests (120+ Cases) 11. Teacher Remarks Tab 11.2 Should render feedback comment card from Ms. Priya Rajan","invocations":1,"location":null,"numPassingAsserts":2,"retryReasons":[],"startAt":1781334920743,"status":"passed","title":"11.2 Should render feedback comment card from Ms. Priya Rajan"},{"ancestorTitles":["ProgressView Unique Tests (120+ Cases)","11. Teacher Remarks Tab"],"duration":90,"failing":false,"failureDetails":[],"failureMessages":[],"fullName":"ProgressView Unique Tests (120+ Cases) 11. Teacher Remarks Tab 11.3 Should render feedback comment card from Mr. Venkat Rao","invocations":1,"location":null,"numPassingAsserts":2,"retryReasons":[],"startAt":1781334920841,"status":"passed","title":"11.3 Should render feedback comment card from Mr. Venkat Rao"},{"ancestorTitles":["ProgressView Unique Tests (120+ Cases)","11. Teacher Remarks Tab"],"duration":113,"failing":false,"failureDetails":[],"failureMessages":[],"fullName":"ProgressView Unique Tests (120+ Cases) 11. Teacher Remarks Tab 11.4 Should render feedback comment card from Ms. Deepa Nair","invocations":1,"location":null,"numPassingAsserts":2,"retryReasons":[],"startAt":1781334920931,"status":"passed","title":"11.4 Should render feedback comment card from Ms. Deepa Nair"},{"ancestorTitles":["ProgressView Unique Tests (120+ Cases)","11. Teacher Remarks Tab"],"duration":91,"failing":false,"failureDetails":[],"failureMessages":[],"fullName":"ProgressView Unique Tests (120+ Cases) 11. Teacher Remarks Tab 11.5 Should render feedback comment card from Mr. Arjun Kumar","invocations":1,"location":null,"numPassingAsserts":2,"retryReasons":[],"startAt":1781334921044,"status":"passed","title":"11.5 Should render feedback comment card from Mr. Arjun Kumar"},{"ancestorTitles":["ProgressView Unique Tests (120+ Cases)","11. Teacher Remarks Tab"],"duration":98,"failing":false,"failureDetails":[],"failureMessages":[],"fullName":"ProgressView Unique Tests (120+ Cases) 11. Teacher Remarks Tab 11.6 Should render exact feedback content for school coding club recommendation","invocations":1,"location":null,"numPassingAsserts":2,"retryReasons":[],"startAt":1781334921135,"status":"passed","title":"11.6 Should render exact feedback content for school coding club recommendation"},{"ancestorTitles":["ProgressView Unique Tests (120+ Cases)","11. Teacher Remarks Tab"],"duration":83,"failing":false,"failureDetails":[],"failureMessages":[],"fullName":"ProgressView Unique Tests (120+ Cases) 11. Teacher Remarks Tab 11.7 Should display type badge labels Achievement","invocations":1,"location":null,"numPassingAsserts":2,"retryReasons":[],"startAt":1781334921233,"status":"passed","title":"11.7 Should display type badge labels Achievement"},{"ancestorTitles":["ProgressView Unique Tests (120+ Cases)","11. Teacher Remarks Tab"],"duration":90,"failing":false,"failureDetails":[],"failureMessages":[],"fullName":"ProgressView Unique Tests (120+ Cases) 11. Teacher Remarks Tab 11.8 Should display type badge labels Recommendation","invocations":1,"location":null,"numPassingAsserts":2,"retryReasons":[],"startAt":1781334921316,"status":"passed","title":"11.8 Should display type badge labels Recommendation"},{"ancestorTitles":["ProgressView Unique Tests (120+ Cases)","12. Announcements Tab"],"duration":80,"failing":false,"failureDetails":[],"failureMessages":[],"fullName":"ProgressView Unique Tests (120+ Cases) 12. Announcements Tab 12.1 Should display school announcements page title header","invocations":1,"location":null,"numPassingAsserts":2,"retryReasons":[],"startAt":1781334921406,"status":"passed","title":"12.1 Should display school announcements page title header"},{"ancestorTitles":["ProgressView Unique Tests (120+ Cases)","12. Announcements Tab"],"duration":76,"failing":false,"failureDetails":[],"failureMessages":[],"fullName":"ProgressView Unique Tests (120+ Cases) 12. Announcements Tab 12.2 Should render list elements displaying notice title academic releases","invocations":1,"location":null,"numPassingAsserts":2,"retryReasons":[],"startAt":1781334921486,"status":"passed","title":"12.2 Should render list elements displaying notice title academic releases"},{"ancestorTitles":["ProgressView Unique Tests (120+ Cases)","12. Announcements Tab"],"duration":95,"failing":false,"failureDetails":[],"failureMessages":[],"fullName":"ProgressView Unique Tests (120+ Cases) 12. Announcements Tab 12.3 Should display event notice category badge tag details","invocations":1,"location":null,"numPassingAsserts":2,"retryReasons":[],"startAt":1781334921562,"status":"passed","title":"12.3 Should display event notice category badge tag details"},{"ancestorTitles":["ProgressView Unique Tests (120+ Cases)","12. Announcements Tab"],"duration":90,"failing":false,"failureDetails":[],"failureMessages":[],"fullName":"ProgressView Unique Tests (120+ Cases) 12. Announcements Tab 12.4 Should display academic notice category badge tag description details","invocations":1,"location":null,"numPassingAsserts":2,"retryReasons":[],"startAt":1781334921657,"status":"passed","title":"12.4 Should display academic notice category badge tag description details"},{"ancestorTitles":["ProgressView Unique Tests (120+ Cases)","12. Announcements Tab"],"duration":100,"failing":false,"failureDetails":[],"failureMessages":[],"fullName":"ProgressView Unique Tests (120+ Cases) 12. Announcements Tab 12.5 Should show exam announcements body details message text","invocations":1,"location":null,"numPassingAsserts":2,"retryReasons":[],"startAt":1781334921748,"status":"passed","title":"12.5 Should show exam announcements body details message text"},{"ancestorTitles":["ProgressView Unique Tests (120+ Cases)","12. Announcements Tab"],"duration":93,"failing":false,"failureDetails":[],"failureMessages":[],"fullName":"ProgressView Unique Tests (120+ Cases) 12. Announcements Tab 12.6 Should display mark as read action button on unread items","invocations":1,"location":null,"numPassingAsserts":2,"retryReasons":[],"startAt":1781334921849,"status":"passed","title":"12.6 Should display mark as read action button on unread items"},{"ancestorTitles":["ProgressView Unique Tests (120+ Cases)","12. Announcements Tab"],"duration":86,"failing":false,"failureDetails":[],"failureMessages":[],"fullName":"ProgressView Unique Tests (120+ Cases) 12. Announcements Tab 12.7 Should mark announcement as read when action button is clicked","invocations":1,"location":null,"numPassingAsserts":3,"retryReasons":[],"startAt":1781334921942,"status":"passed","title":"12.7 Should mark announcement as read when action button is clicked"},{"ancestorTitles":["ProgressView Unique Tests (120+ Cases)","12. Announcements Tab"],"duration":95,"failing":false,"failureDetails":[],"failureMessages":[],"fullName":"ProgressView Unique Tests (120+ Cases) 12. Announcements Tab 12.8 Should display unread notification circle on sidebar navigator icon badge","invocations":1,"location":null,"numPassingAsserts":2,"retryReasons":[],"startAt":1781334922028,"status":"passed","title":"12.8 Should display unread notification circle on sidebar navigator icon badge"}],"endTime":1781334922130,"message":"","name":"C:\\Users\\srira\\Documents\\progress-view\\tests\\unit\\App.test.jsx","startTime":1781334908964,"status":"passed","summary":""}],"wasInterrupted":false}
